<?xml version="1.0" encoding="UTF-8"?>
<!-- Generated by org.testng.reporters.JUnitXMLReporter -->
<testsuite hostname="LUK-PC0DLURT" ignored="0" name="NavisionExpenses" tests="8" failures="0" timestamp="03 Aug 2017 12:06:55 GMT" time="32.853" errors="0">
  <testcase name="name1" time="3.339" classname="expenses.Navision"/>
  <testcase name="name1" time="2.515" classname="expenses.Navision"/>
  <testcase name="name1" time="2.111" classname="expenses.Navision"/>
  <testcase name="name1" time="2.066" classname="expenses.Navision"/>
  <testcase name="name1" time="2.448" classname="expenses.Navision"/>
  <testcase name="name1" time="2.53" classname="expenses.Navision"/>
  <testcase name="name1" time="2.127" classname="expenses.Navision"/>
  <testcase name="name1" time="2.269" classname="expenses.Navision"/>
</testsuite> <!-- NavisionExpenses -->
