<?xml version="1.0" encoding="UTF-8"?>
<!-- Generated by org.testng.reporters.JUnitXMLReporter -->
<testsuite hostname="LUK-PC0DLURT" ignored="0" name="ZooplaHouses" tests="5" failures="4" timestamp="10 Jan 2018 15:54:22 GMT" time="976.331" errors="0">
  <testcase name="searchProperties" time="46.206" classname="zoopla.HouseSearchStrings">
    <failure type="org.openqa.selenium.NoSuchElementException" message="{&amp;quot;errorMessage&amp;quot;:&amp;quot;Unable to find element with xpath &amp;apos;/html/body/div[3]/div[1]/div[5]/a/span&amp;apos;&amp;quot;,&amp;quot;request&amp;quot;:{&amp;quot;headers&amp;quot;:{&amp;quot;Accept-Encoding&amp;quot;:&amp;quot;gzip,deflate&amp;quot;,&amp;quot;Connection&amp;quot;:&amp;quot;Keep-Alive&amp;quot;,&amp;quot;Content-Length&amp;quot;:&amp;quot;66&amp;quot;,&amp;quot;Content-Type&amp;quot;:&amp;quot;application/json; charset=utf-8&amp;quot;,&amp;quot;Host&amp;quot;:&amp;quot;localhost:20983&amp;quot;,&amp;quot;User-Agent&amp;quot;:&amp;quot;Apache-HttpClient/4.5.3 (Java/1.8.0_101)&amp;quot;},&amp;quot;httpVersion&amp;quot;:&amp;quot;1.1&amp;quot;,&amp;quot;method&amp;quot;:&amp;quot;POST&amp;quot;,&amp;quot;post&amp;quot;:&amp;quot;{\&amp;quot;using\&amp;quot;:\&amp;quot;xpath\&amp;quot;,\&amp;quot;value\&amp;quot;:\&amp;quot;/html/body/div[3]/div[1]/div[5]/a/span\&amp;quot;}&amp;quot;,&amp;quot;url&amp;quot;:&amp;quot;/element&amp;quot;,&amp;quot;urlParsed&amp;quot;:{&amp;quot;anchor&amp;quot;:&amp;quot;&amp;quot;,&amp;quot;query&amp;quot;:&amp;quot;&amp;quot;,&amp;quot;file&amp;quot;:&amp;quot;element&amp;quot;,&amp;quot;directory&amp;quot;:&amp;quot;/&amp;quot;,&amp;quot;path&amp;quot;:&amp;quot;/element&amp;quot;,&amp;quot;relative&amp;quot;:&amp;quot;/element&amp;quot;,&amp;quot;port&amp;quot;:&amp;quot;&amp;quot;,&amp;quot;host&amp;quot;:&amp;quot;&amp;quot;,&amp;quot;password&amp;quot;:&amp;quot;&amp;quot;,&amp;quot;user&amp;quot;:&amp;quot;&amp;quot;,&amp;quot;userInfo&amp;quot;:&amp;quot;&amp;quot;,&amp;quot;authority&amp;quot;:&amp;quot;&amp;quot;,&amp;quot;protocol&amp;quot;:&amp;quot;&amp;quot;,&amp;quot;source&amp;quot;:&amp;quot;/element&amp;quot;,&amp;quot;queryKey&amp;quot;:{},&amp;quot;chunks&amp;quot;:[&amp;quot;element&amp;quot;]},&amp;quot;urlOriginal&amp;quot;:&amp;quot;/session/432c3fa0-f61c-11e7-b47d-cdee7749e3c2/element&amp;quot;}}
Command duration or timeout: 799 milliseconds">
      <![CDATA[org.openqa.selenium.NoSuchElementException: {"errorMessage":"Unable to find element with xpath '/html/body/div[3]/div[1]/div[5]/a/span'","request":{"headers":{"Accept-Encoding":"gzip,deflate","Connection":"Keep-Alive","Content-Length":"66","Content-Type":"application/json; charset=utf-8","Host":"localhost:20983","User-Agent":"Apache-HttpClient/4.5.3 (Java/1.8.0_101)"},"httpVersion":"1.1","method":"POST","post":"{\"using\":\"xpath\",\"value\":\"/html/body/div[3]/div[1]/div[5]/a/span\"}","url":"/element","urlParsed":{"anchor":"","query":"","file":"element","directory":"/","path":"/element","relative":"/element","port":"","host":"","password":"","user":"","userInfo":"","authority":"","protocol":"","source":"/element","queryKey":{},"chunks":["element"]},"urlOriginal":"/session/432c3fa0-f61c-11e7-b47d-cdee7749e3c2/element"}}
Command duration or timeout: 799 milliseconds
	at org.openqa.selenium.remote.ErrorHandler.createThrowable(ErrorHandler.java:215)
	at org.openqa.selenium.remote.ErrorHandler.throwIfResponseFailed(ErrorHandler.java:167)
	at org.openqa.selenium.remote.RemoteWebDriver.execute(RemoteWebDriver.java:671)
	at org.openqa.selenium.remote.RemoteWebDriver.findElement(RemoteWebDriver.java:410)
	at org.openqa.selenium.remote.RemoteWebDriver.findElementByXPath(RemoteWebDriver.java:509)
	at org.openqa.selenium.By$ByXPath.findElement(By.java:361)
	at org.openqa.selenium.remote.RemoteWebDriver.findElement(RemoteWebDriver.java:402)
	at zoopla.HouseSearchStrings.searchProperties(HouseSearchStrings.java:65)
Caused by: org.openqa.selenium.remote.ScreenshotException: Screen shot has been taken
	at org.openqa.selenium.remote.ErrorHandler.throwIfResponseFailed(ErrorHandler.java:141)
	... 31 more
Caused by: org.openqa.selenium.NoSuchElementException: {"errorMessage":"Unable to find element with xpath '/html/body/div[3]/div[1]/div[5]/a/span'","request":{"headers":{"Accept-Encoding":"gzip,deflate","Connection":"Keep-Alive","Content-Length":"66","Content-Type":"application/json; charset=utf-8","Host":"localhost:20983","User-Agent":"Apache-HttpClient/4.5.3 (Java/1.8.0_101)"},"httpVersion":"1.1","method":"POST","post":"{\"using\":\"xpath\",\"value\":\"/html/body/div[3]/div[1]/div[5]/a/span\"}","url":"/element","urlParsed":{"anchor":"","query":"","file":"element","directory":"/","path":"/element","relative":"/element","port":"","host":"","password":"","user":"","userInfo":"","authority":"","protocol":"","source":"/element","queryKey":{},"chunks":["element"]},"urlOriginal":"/session/432c3fa0-f61c-11e7-b47d-cdee7749e3c2/element"}}
For documentation on this error, please visit: http://seleniumhq.org/exceptions/no_such_element.html
Build info: version: '3.4.0', revision: 'unknown', time: 'unknown'
System info: host: 'LUK-PC0DLURT', ip: '192.168.56.1', os.name: 'Windows 10', os.arch: 'amd64', os.version: '10.0', java.version: '1.8.0_101'
Driver info: driver.version: unknown
... Removed 29 stack frames]]>
    </failure>
  </testcase> <!-- searchProperties -->
  <testcase name="searchProperties" time="56.085" classname="zoopla.HouseSearchStrings">
    <failure type="org.openqa.selenium.NoSuchElementException" message="{&amp;quot;errorMessage&amp;quot;:&amp;quot;Unable to find element with xpath &amp;apos;/html/body/div[3]/div[1]/div[5]/a/span&amp;apos;&amp;quot;,&amp;quot;request&amp;quot;:{&amp;quot;headers&amp;quot;:{&amp;quot;Accept-Encoding&amp;quot;:&amp;quot;gzip,deflate&amp;quot;,&amp;quot;Connection&amp;quot;:&amp;quot;Keep-Alive&amp;quot;,&amp;quot;Content-Length&amp;quot;:&amp;quot;66&amp;quot;,&amp;quot;Content-Type&amp;quot;:&amp;quot;application/json; charset=utf-8&amp;quot;,&amp;quot;Host&amp;quot;:&amp;quot;localhost:11416&amp;quot;,&amp;quot;User-Agent&amp;quot;:&amp;quot;Apache-HttpClient/4.5.3 (Java/1.8.0_101)&amp;quot;},&amp;quot;httpVersion&amp;quot;:&amp;quot;1.1&amp;quot;,&amp;quot;method&amp;quot;:&amp;quot;POST&amp;quot;,&amp;quot;post&amp;quot;:&amp;quot;{\&amp;quot;using\&amp;quot;:\&amp;quot;xpath\&amp;quot;,\&amp;quot;value\&amp;quot;:\&amp;quot;/html/body/div[3]/div[1]/div[5]/a/span\&amp;quot;}&amp;quot;,&amp;quot;url&amp;quot;:&amp;quot;/element&amp;quot;,&amp;quot;urlParsed&amp;quot;:{&amp;quot;anchor&amp;quot;:&amp;quot;&amp;quot;,&amp;quot;query&amp;quot;:&amp;quot;&amp;quot;,&amp;quot;file&amp;quot;:&amp;quot;element&amp;quot;,&amp;quot;directory&amp;quot;:&amp;quot;/&amp;quot;,&amp;quot;path&amp;quot;:&amp;quot;/element&amp;quot;,&amp;quot;relative&amp;quot;:&amp;quot;/element&amp;quot;,&amp;quot;port&amp;quot;:&amp;quot;&amp;quot;,&amp;quot;host&amp;quot;:&amp;quot;&amp;quot;,&amp;quot;password&amp;quot;:&amp;quot;&amp;quot;,&amp;quot;user&amp;quot;:&amp;quot;&amp;quot;,&amp;quot;userInfo&amp;quot;:&amp;quot;&amp;quot;,&amp;quot;authority&amp;quot;:&amp;quot;&amp;quot;,&amp;quot;protocol&amp;quot;:&amp;quot;&amp;quot;,&amp;quot;source&amp;quot;:&amp;quot;/element&amp;quot;,&amp;quot;queryKey&amp;quot;:{},&amp;quot;chunks&amp;quot;:[&amp;quot;element&amp;quot;]},&amp;quot;urlOriginal&amp;quot;:&amp;quot;/session/ace53870-f61c-11e7-a5e0-edb0b3933cfa/element&amp;quot;}}
Command duration or timeout: 1.01 seconds">
      <![CDATA[org.openqa.selenium.NoSuchElementException: {"errorMessage":"Unable to find element with xpath '/html/body/div[3]/div[1]/div[5]/a/span'","request":{"headers":{"Accept-Encoding":"gzip,deflate","Connection":"Keep-Alive","Content-Length":"66","Content-Type":"application/json; charset=utf-8","Host":"localhost:11416","User-Agent":"Apache-HttpClient/4.5.3 (Java/1.8.0_101)"},"httpVersion":"1.1","method":"POST","post":"{\"using\":\"xpath\",\"value\":\"/html/body/div[3]/div[1]/div[5]/a/span\"}","url":"/element","urlParsed":{"anchor":"","query":"","file":"element","directory":"/","path":"/element","relative":"/element","port":"","host":"","password":"","user":"","userInfo":"","authority":"","protocol":"","source":"/element","queryKey":{},"chunks":["element"]},"urlOriginal":"/session/ace53870-f61c-11e7-a5e0-edb0b3933cfa/element"}}
Command duration or timeout: 1.01 seconds
	at org.openqa.selenium.remote.ErrorHandler.createThrowable(ErrorHandler.java:215)
	at org.openqa.selenium.remote.ErrorHandler.throwIfResponseFailed(ErrorHandler.java:167)
	at org.openqa.selenium.remote.RemoteWebDriver.execute(RemoteWebDriver.java:671)
	at org.openqa.selenium.remote.RemoteWebDriver.findElement(RemoteWebDriver.java:410)
	at org.openqa.selenium.remote.RemoteWebDriver.findElementByXPath(RemoteWebDriver.java:509)
	at org.openqa.selenium.By$ByXPath.findElement(By.java:361)
	at org.openqa.selenium.remote.RemoteWebDriver.findElement(RemoteWebDriver.java:402)
	at zoopla.HouseSearchStrings.searchProperties(HouseSearchStrings.java:65)
Caused by: org.openqa.selenium.remote.ScreenshotException: Screen shot has been taken
	at org.openqa.selenium.remote.ErrorHandler.throwIfResponseFailed(ErrorHandler.java:141)
	... 31 more
Caused by: org.openqa.selenium.NoSuchElementException: {"errorMessage":"Unable to find element with xpath '/html/body/div[3]/div[1]/div[5]/a/span'","request":{"headers":{"Accept-Encoding":"gzip,deflate","Connection":"Keep-Alive","Content-Length":"66","Content-Type":"application/json; charset=utf-8","Host":"localhost:11416","User-Agent":"Apache-HttpClient/4.5.3 (Java/1.8.0_101)"},"httpVersion":"1.1","method":"POST","post":"{\"using\":\"xpath\",\"value\":\"/html/body/div[3]/div[1]/div[5]/a/span\"}","url":"/element","urlParsed":{"anchor":"","query":"","file":"element","directory":"/","path":"/element","relative":"/element","port":"","host":"","password":"","user":"","userInfo":"","authority":"","protocol":"","source":"/element","queryKey":{},"chunks":["element"]},"urlOriginal":"/session/ace53870-f61c-11e7-a5e0-edb0b3933cfa/element"}}
For documentation on this error, please visit: http://seleniumhq.org/exceptions/no_such_element.html
Build info: version: '3.4.0', revision: 'unknown', time: 'unknown'
System info: host: 'LUK-PC0DLURT', ip: '192.168.56.1', os.name: 'Windows 10', os.arch: 'amd64', os.version: '10.0', java.version: '1.8.0_101'
Driver info: driver.version: unknown
... Removed 29 stack frames]]>
    </failure>
  </testcase> <!-- searchProperties -->
  <testcase name="searchProperties" time="53.207" classname="zoopla.HouseSearchStrings">
    <failure type="org.openqa.selenium.NoSuchElementException" message="{&amp;quot;errorMessage&amp;quot;:&amp;quot;Unable to find element with xpath &amp;apos;/html/body/div[3]/div[1]/div[5]/a/span&amp;apos;&amp;quot;,&amp;quot;request&amp;quot;:{&amp;quot;headers&amp;quot;:{&amp;quot;Accept-Encoding&amp;quot;:&amp;quot;gzip,deflate&amp;quot;,&amp;quot;Connection&amp;quot;:&amp;quot;Keep-Alive&amp;quot;,&amp;quot;Content-Length&amp;quot;:&amp;quot;66&amp;quot;,&amp;quot;Content-Type&amp;quot;:&amp;quot;application/json; charset=utf-8&amp;quot;,&amp;quot;Host&amp;quot;:&amp;quot;localhost:20227&amp;quot;,&amp;quot;User-Agent&amp;quot;:&amp;quot;Apache-HttpClient/4.5.3 (Java/1.8.0_101)&amp;quot;},&amp;quot;httpVersion&amp;quot;:&amp;quot;1.1&amp;quot;,&amp;quot;method&amp;quot;:&amp;quot;POST&amp;quot;,&amp;quot;post&amp;quot;:&amp;quot;{\&amp;quot;using\&amp;quot;:\&amp;quot;xpath\&amp;quot;,\&amp;quot;value\&amp;quot;:\&amp;quot;/html/body/div[3]/div[1]/div[5]/a/span\&amp;quot;}&amp;quot;,&amp;quot;url&amp;quot;:&amp;quot;/element&amp;quot;,&amp;quot;urlParsed&amp;quot;:{&amp;quot;anchor&amp;quot;:&amp;quot;&amp;quot;,&amp;quot;query&amp;quot;:&amp;quot;&amp;quot;,&amp;quot;file&amp;quot;:&amp;quot;element&amp;quot;,&amp;quot;directory&amp;quot;:&amp;quot;/&amp;quot;,&amp;quot;path&amp;quot;:&amp;quot;/element&amp;quot;,&amp;quot;relative&amp;quot;:&amp;quot;/element&amp;quot;,&amp;quot;port&amp;quot;:&amp;quot;&amp;quot;,&amp;quot;host&amp;quot;:&amp;quot;&amp;quot;,&amp;quot;password&amp;quot;:&amp;quot;&amp;quot;,&amp;quot;user&amp;quot;:&amp;quot;&amp;quot;,&amp;quot;userInfo&amp;quot;:&amp;quot;&amp;quot;,&amp;quot;authority&amp;quot;:&amp;quot;&amp;quot;,&amp;quot;protocol&amp;quot;:&amp;quot;&amp;quot;,&amp;quot;source&amp;quot;:&amp;quot;/element&amp;quot;,&amp;quot;queryKey&amp;quot;:{},&amp;quot;chunks&amp;quot;:[&amp;quot;element&amp;quot;]},&amp;quot;urlOriginal&amp;quot;:&amp;quot;/session/18f7d8b0-f61d-11e7-be9b-75b8550d9213/element&amp;quot;}}
Command duration or timeout: 2.47 seconds">
      <![CDATA[org.openqa.selenium.NoSuchElementException: {"errorMessage":"Unable to find element with xpath '/html/body/div[3]/div[1]/div[5]/a/span'","request":{"headers":{"Accept-Encoding":"gzip,deflate","Connection":"Keep-Alive","Content-Length":"66","Content-Type":"application/json; charset=utf-8","Host":"localhost:20227","User-Agent":"Apache-HttpClient/4.5.3 (Java/1.8.0_101)"},"httpVersion":"1.1","method":"POST","post":"{\"using\":\"xpath\",\"value\":\"/html/body/div[3]/div[1]/div[5]/a/span\"}","url":"/element","urlParsed":{"anchor":"","query":"","file":"element","directory":"/","path":"/element","relative":"/element","port":"","host":"","password":"","user":"","userInfo":"","authority":"","protocol":"","source":"/element","queryKey":{},"chunks":["element"]},"urlOriginal":"/session/18f7d8b0-f61d-11e7-be9b-75b8550d9213/element"}}
Command duration or timeout: 2.47 seconds
	at org.openqa.selenium.remote.ErrorHandler.createThrowable(ErrorHandler.java:215)
	at org.openqa.selenium.remote.ErrorHandler.throwIfResponseFailed(ErrorHandler.java:167)
	at org.openqa.selenium.remote.RemoteWebDriver.execute(RemoteWebDriver.java:671)
	at org.openqa.selenium.remote.RemoteWebDriver.findElement(RemoteWebDriver.java:410)
	at org.openqa.selenium.remote.RemoteWebDriver.findElementByXPath(RemoteWebDriver.java:509)
	at org.openqa.selenium.By$ByXPath.findElement(By.java:361)
	at org.openqa.selenium.remote.RemoteWebDriver.findElement(RemoteWebDriver.java:402)
	at zoopla.HouseSearchStrings.searchProperties(HouseSearchStrings.java:65)
Caused by: org.openqa.selenium.remote.ScreenshotException: Screen shot has been taken
	at org.openqa.selenium.remote.ErrorHandler.throwIfResponseFailed(ErrorHandler.java:141)
	... 31 more
Caused by: org.openqa.selenium.NoSuchElementException: {"errorMessage":"Unable to find element with xpath '/html/body/div[3]/div[1]/div[5]/a/span'","request":{"headers":{"Accept-Encoding":"gzip,deflate","Connection":"Keep-Alive","Content-Length":"66","Content-Type":"application/json; charset=utf-8","Host":"localhost:20227","User-Agent":"Apache-HttpClient/4.5.3 (Java/1.8.0_101)"},"httpVersion":"1.1","method":"POST","post":"{\"using\":\"xpath\",\"value\":\"/html/body/div[3]/div[1]/div[5]/a/span\"}","url":"/element","urlParsed":{"anchor":"","query":"","file":"element","directory":"/","path":"/element","relative":"/element","port":"","host":"","password":"","user":"","userInfo":"","authority":"","protocol":"","source":"/element","queryKey":{},"chunks":["element"]},"urlOriginal":"/session/18f7d8b0-f61d-11e7-be9b-75b8550d9213/element"}}
For documentation on this error, please visit: http://seleniumhq.org/exceptions/no_such_element.html
Build info: version: '3.4.0', revision: 'unknown', time: 'unknown'
System info: host: 'LUK-PC0DLURT', ip: '192.168.56.1', os.name: 'Windows 10', os.arch: 'amd64', os.version: '10.0', java.version: '1.8.0_101'
Driver info: driver.version: unknown
... Removed 29 stack frames]]>
    </failure>
  </testcase> <!-- searchProperties -->
  <testcase name="searchProperties" time="45.979" classname="zoopla.HouseSearchStrings">
    <failure type="org.openqa.selenium.NoSuchElementException" message="{&amp;quot;errorMessage&amp;quot;:&amp;quot;Unable to find element with xpath &amp;apos;/html/body/div[3]/div[1]/div[5]/a/span&amp;apos;&amp;quot;,&amp;quot;request&amp;quot;:{&amp;quot;headers&amp;quot;:{&amp;quot;Accept-Encoding&amp;quot;:&amp;quot;gzip,deflate&amp;quot;,&amp;quot;Connection&amp;quot;:&amp;quot;Keep-Alive&amp;quot;,&amp;quot;Content-Length&amp;quot;:&amp;quot;66&amp;quot;,&amp;quot;Content-Type&amp;quot;:&amp;quot;application/json; charset=utf-8&amp;quot;,&amp;quot;Host&amp;quot;:&amp;quot;localhost:39517&amp;quot;,&amp;quot;User-Agent&amp;quot;:&amp;quot;Apache-HttpClient/4.5.3 (Java/1.8.0_101)&amp;quot;},&amp;quot;httpVersion&amp;quot;:&amp;quot;1.1&amp;quot;,&amp;quot;method&amp;quot;:&amp;quot;POST&amp;quot;,&amp;quot;post&amp;quot;:&amp;quot;{\&amp;quot;using\&amp;quot;:\&amp;quot;xpath\&amp;quot;,\&amp;quot;value\&amp;quot;:\&amp;quot;/html/body/div[3]/div[1]/div[5]/a/span\&amp;quot;}&amp;quot;,&amp;quot;url&amp;quot;:&amp;quot;/element&amp;quot;,&amp;quot;urlParsed&amp;quot;:{&amp;quot;anchor&amp;quot;:&amp;quot;&amp;quot;,&amp;quot;query&amp;quot;:&amp;quot;&amp;quot;,&amp;quot;file&amp;quot;:&amp;quot;element&amp;quot;,&amp;quot;directory&amp;quot;:&amp;quot;/&amp;quot;,&amp;quot;path&amp;quot;:&amp;quot;/element&amp;quot;,&amp;quot;relative&amp;quot;:&amp;quot;/element&amp;quot;,&amp;quot;port&amp;quot;:&amp;quot;&amp;quot;,&amp;quot;host&amp;quot;:&amp;quot;&amp;quot;,&amp;quot;password&amp;quot;:&amp;quot;&amp;quot;,&amp;quot;user&amp;quot;:&amp;quot;&amp;quot;,&amp;quot;userInfo&amp;quot;:&amp;quot;&amp;quot;,&amp;quot;authority&amp;quot;:&amp;quot;&amp;quot;,&amp;quot;protocol&amp;quot;:&amp;quot;&amp;quot;,&amp;quot;source&amp;quot;:&amp;quot;/element&amp;quot;,&amp;quot;queryKey&amp;quot;:{},&amp;quot;chunks&amp;quot;:[&amp;quot;element&amp;quot;]},&amp;quot;urlOriginal&amp;quot;:&amp;quot;/session/8caf9090-f61d-11e7-9e12-87a7410fdf61/element&amp;quot;}}
Command duration or timeout: 950 milliseconds">
      <![CDATA[org.openqa.selenium.NoSuchElementException: {"errorMessage":"Unable to find element with xpath '/html/body/div[3]/div[1]/div[5]/a/span'","request":{"headers":{"Accept-Encoding":"gzip,deflate","Connection":"Keep-Alive","Content-Length":"66","Content-Type":"application/json; charset=utf-8","Host":"localhost:39517","User-Agent":"Apache-HttpClient/4.5.3 (Java/1.8.0_101)"},"httpVersion":"1.1","method":"POST","post":"{\"using\":\"xpath\",\"value\":\"/html/body/div[3]/div[1]/div[5]/a/span\"}","url":"/element","urlParsed":{"anchor":"","query":"","file":"element","directory":"/","path":"/element","relative":"/element","port":"","host":"","password":"","user":"","userInfo":"","authority":"","protocol":"","source":"/element","queryKey":{},"chunks":["element"]},"urlOriginal":"/session/8caf9090-f61d-11e7-9e12-87a7410fdf61/element"}}
Command duration or timeout: 950 milliseconds
	at org.openqa.selenium.remote.ErrorHandler.createThrowable(ErrorHandler.java:215)
	at org.openqa.selenium.remote.ErrorHandler.throwIfResponseFailed(ErrorHandler.java:167)
	at org.openqa.selenium.remote.RemoteWebDriver.execute(RemoteWebDriver.java:671)
	at org.openqa.selenium.remote.RemoteWebDriver.findElement(RemoteWebDriver.java:410)
	at org.openqa.selenium.remote.RemoteWebDriver.findElementByXPath(RemoteWebDriver.java:509)
	at org.openqa.selenium.By$ByXPath.findElement(By.java:361)
	at org.openqa.selenium.remote.RemoteWebDriver.findElement(RemoteWebDriver.java:402)
	at zoopla.HouseSearchStrings.searchProperties(HouseSearchStrings.java:65)
Caused by: org.openqa.selenium.remote.ScreenshotException: Screen shot has been taken
	at org.openqa.selenium.remote.ErrorHandler.throwIfResponseFailed(ErrorHandler.java:141)
	... 31 more
Caused by: org.openqa.selenium.NoSuchElementException: {"errorMessage":"Unable to find element with xpath '/html/body/div[3]/div[1]/div[5]/a/span'","request":{"headers":{"Accept-Encoding":"gzip,deflate","Connection":"Keep-Alive","Content-Length":"66","Content-Type":"application/json; charset=utf-8","Host":"localhost:39517","User-Agent":"Apache-HttpClient/4.5.3 (Java/1.8.0_101)"},"httpVersion":"1.1","method":"POST","post":"{\"using\":\"xpath\",\"value\":\"/html/body/div[3]/div[1]/div[5]/a/span\"}","url":"/element","urlParsed":{"anchor":"","query":"","file":"element","directory":"/","path":"/element","relative":"/element","port":"","host":"","password":"","user":"","userInfo":"","authority":"","protocol":"","source":"/element","queryKey":{},"chunks":["element"]},"urlOriginal":"/session/8caf9090-f61d-11e7-9e12-87a7410fdf61/element"}}
For documentation on this error, please visit: http://seleniumhq.org/exceptions/no_such_element.html
Build info: version: '3.4.0', revision: 'unknown', time: 'unknown'
System info: host: 'LUK-PC0DLURT', ip: '192.168.56.1', os.name: 'Windows 10', os.arch: 'amd64', os.version: '10.0', java.version: '1.8.0_101'
Driver info: driver.version: unknown
... Removed 29 stack frames]]>
    </failure>
  </testcase> <!-- searchProperties -->
  <testcase name="searchProperties" time="141.051" classname="zoopla.HouseSearchStrings"/>
</testsuite> <!-- ZooplaHouses -->
