<?xml version="1.0" encoding="UTF-8"?>
<!-- Generated by org.testng.reporters.JUnitXMLReporter -->
<testsuite hostname="LUK-PC0DLURT" ignored="0" name="SkyScannerTitle" tests="2" failures="1" timestamp="13 Dec 2017 14:01:59 GMT" time="34.215" errors="0">
  <testcase name="confirmTitle" time="0.062" classname="ExtentReports.SkyScannerTitle"/>
  <testcase name="confirmTitlee" time="0.026" classname="ExtentReports.SkyScannerTitle">
    <failure type="junit.framework.AssertionFailedError" message="The following asserts failed:
	expected [true] but found [false]">
      <![CDATA[junit.framework.AssertionFailedError: The following asserts failed:
	expected [true] but found [false]
	at junit.framework.Assert.fail(Assert.java:57)
	at ExtentReports.SkyScannerTitle.confirmTitlee(SkyScannerTitle.java:67)
... Removed 25 stack frames]]>
    </failure>
  </testcase> <!-- confirmTitlee -->
</testsuite> <!-- SkyScannerTitle -->
