<?xml version="1.0" encoding="UTF-8"?>
<!-- Generated by org.testng.reporters.JUnitXMLReporter -->
<testsuite hostname="LUK-PC0DLURT" ignored="0" name="TrainTickets" tests="8" failures="0" timestamp="13 Dec 2017 14:03:54 GMT" time="98.564" errors="0">
  <testcase name="bookTrainTicket" time="1.265" classname="ExtentReports.TrainTickets"/>
  <testcase name="bookTrainTicket" time="1.318" classname="ExtentReports.TrainTickets"/>
  <testcase name="bookTrainTicket" time="1.165" classname="ExtentReports.TrainTickets"/>
  <testcase name="bookTrainTicket" time="1.211" classname="ExtentReports.TrainTickets"/>
  <testcase name="bookTrainTicket" time="1.203" classname="ExtentReports.TrainTickets"/>
  <testcase name="bookTrainTicket" time="1.123" classname="ExtentReports.TrainTickets"/>
  <testcase name="bookTrainTicket" time="1.097" classname="ExtentReports.TrainTickets"/>
  <testcase name="bookTrainTicket" time="1.135" classname="ExtentReports.TrainTickets"/>
</testsuite> <!-- TrainTickets -->
